# JRE version: OpenJDK Runtime Environment Temurin-17.0.8.1+1 (17.0.8.1+1) (build 17.0.8.1+1)
# Java VM: OpenJDK 64-Bit Server VM Temurin-17.0.8.1+1 (17.0.8.1+1, mixed mode, emulated-client, tiered, compressed oops, compressed class ptrs, g1 gc, windows-amd64)
GC Precious Log:
 CPUs: 8 total, 8 available
 Memory: 7976M
 Large Page Support: Disabled
 NUMA Support: Disabled
 Compressed Oops: Enabled (32-bit)
 Heap Region Size: 1M
 Heap Min Capacity: 8M
 Heap Initial Capacity: 126M
 Heap Max Capacity: 1G
 Pre-touch: Disabled
 Parallel Workers: 8
 Concurrent Workers: 2
 Concurrent Refinement Workers: 8
 Periodic GC: Disabled
Heap:
 garbage-first heap   total 68608K, used 27298K [0x00000000c0000000, 0x0000000100000000)
  region size 1024K, 1 young (1024K), 0 survivors (0K)
 Metaspace       used 55935K, committed 56448K, reserved 1114112K
  class space    used 7135K, committed 7360K, reserved 1048576K
GC Heap History (20 events):
Event: 2194.376 GC heap before
{Heap before GC invocations=213 (full 198):
 garbage-first heap   total 68608K, used 27298K [0x00000000c0000000, 0x0000000100000000)
  region size 1024K, 1 young (1024K), 0 survivors (0K)
 Metaspace       used 55935K, committed 56448K, reserved 1114112K
  class space    used 7135K, committed 7360K, reserved 1048576K
}
Event: 2194.425 GC heap after
{Heap after GC invocations=214 (full 199):
 garbage-first heap   total 68608K, used 27298K [0x00000000c0000000, 0x0000000100000000)
  region size 1024K, 0 young (0K), 0 survivors (0K)
 Metaspace       used 55935K, committed 56448K, reserved 1114112K
  class space    used 7135K, committed 7360K, reserved 1048576K
}
Event: 2204.607 GC heap before
{Heap before GC invocations=214 (full 199):
 garbage-first heap   total 68608K, used 27298K [0x00000000c0000000, 0x0000000100000000)
  region size 1024K, 1 young (1024K), 0 survivors (0K)
 Metaspace       used 55935K, committed 56448K, reserved 1114112K
  class space    used 7135K, committed 7360K, reserved 1048576K
}
Event: 2204.651 GC heap after
{Heap after GC invocations=215 (full 200):
 garbage-first heap   total 68608K, used 27298K [0x00000000c0000000, 0x0000000100000000)
  region size 1024K, 0 young (0K), 0 survivors (0K)
 Metaspace       used 55935K, committed 56448K, reserved 1114112K
  class space    used 7135K, committed 7360K, reserved 1048576K
}
Event: 2214.835 GC heap before
{Heap before GC invocations=215 (full 200):
 garbage-first heap   total 68608K, used 27298K [0x00000000c0000000, 0x0000000100000000)
  region size 1024K, 1 young (1024K), 0 survivors (0K)
 Metaspace       used 55935K, committed 56448K, reserved 1114112K
  class space    used 7135K, committed 7360K, reserved 1048576K
}
Event: 2214.886 GC heap after
{Heap after GC invocations=216 (full 201):
 garbage-first heap   total 68608K, used 27298K [0x00000000c0000000, 0x0000000100000000)
  region size 1024K, 0 young (0K), 0 survivors (0K)
 Metaspace       used 55935K, committed 56448K, reserved 1114112K
  class space    used 7135K, committed 7360K, reserved 1048576K
}
Event: 2225.037 GC heap before
{Heap before GC invocations=216 (full 201):
 garbage-first heap   total 68608K, used 27298K [0x00000000c0000000, 0x0000000100000000)
  region size 1024K, 1 young (1024K), 0 survivors (0K)
 Metaspace       used 55935K, committed 56448K, reserved 1114112K
  class space    used 7135K, committed 7360K, reserved 1048576K
}
Event: 2225.083 GC heap after
{Heap after GC invocations=217 (full 202):
 garbage-first heap   total 68608K, used 27298K [0x00000000c0000000, 0x0000000100000000)
  region size 1024K, 0 young (0K), 0 survivors (0K)
 Metaspace       used 55935K, committed 56448K, reserved 1114112K
  class space    used 7135K, committed 7360K, reserved 1048576K
}
Event: 2235.278 GC heap before
{Heap before GC invocations=217 (full 202):
 garbage-first heap   total 68608K, used 27298K [0x00000000c0000000, 0x0000000100000000)
  region size 1024K, 1 young (1024K), 0 survivors (0K)
 Metaspace       used 55935K, committed 56448K, reserved 1114112K
  class space    used 7135K, committed 7360K, reserved 1048576K
}
Event: 2235.328 GC heap after
{Heap after GC invocations=218 (full 203):
 garbage-first heap   total 68608K, used 27298K [0x00000000c0000000, 0x0000000100000000)
  region size 1024K, 0 young (0K), 0 survivors (0K)
 Metaspace       used 55935K, committed 56448K, reserved 1114112K
  class space    used 7135K, committed 7360K, reserved 1048576K
}
Event: 2245.565 GC heap before
{Heap before GC invocations=218 (full 203):
 garbage-first heap   total 68608K, used 27298K [0x00000000c0000000, 0x0000000100000000)
  region size 1024K, 1 young (1024K), 0 survivors (0K)
 Metaspace       used 55935K, committed 56448K, reserved 1114112K
  class space    used 7135K, committed 7360K, reserved 1048576K
}
Event: 2245.633 GC heap after
{Heap after GC invocations=219 (full 204):
 garbage-first heap   total 68608K, used 27298K [0x00000000c0000000, 0x0000000100000000)
  region size 1024K, 0 young (0K), 0 survivors (0K)
 Metaspace       used 55935K, committed 56448K, reserved 1114112K
  class space    used 7135K, committed 7360K, reserved 1048576K
}
Event: 2255.799 GC heap before
{Heap before GC invocations=219 (full 204):
 garbage-first heap   total 68608K, used 27298K [0x00000000c0000000, 0x0000000100000000)
  region size 1024K, 1 young (1024K), 0 survivors (0K)
 Metaspace       used 55935K, committed 56448K, reserved 1114112K
  class space    used 7135K, committed 7360K, reserved 1048576K
}
Event: 2255.843 GC heap after
{Heap after GC invocations=220 (full 205):
 garbage-first heap   total 68608K, used 27298K [0x00000000c0000000, 0x0000000100000000)
  region size 1024K, 0 young (0K), 0 survivors (0K)
 Metaspace       used 55935K, committed 56448K, reserved 1114112K
  class space    used 7135K, committed 7360K, reserved 1048576K
}
Event: 2265.993 GC heap before
{Heap before GC invocations=220 (full 205):
 garbage-first heap   total 68608K, used 27298K [0x00000000c0000000, 0x0000000100000000)
  region size 1024K, 1 young (1024K), 0 survivors (0K)
 Metaspace       used 55935K, committed 56448K, reserved 1114112K
  class space    used 7135K, committed 7360K, reserved 1048576K
}
Event: 2266.039 GC heap after
{Heap after GC invocations=221 (full 206):
 garbage-first heap   total 68608K, used 27298K [0x00000000c0000000, 0x0000000100000000)
  region size 1024K, 0 young (0K), 0 survivors (0K)
 Metaspace       used 55935K, committed 56448K, reserved 1114112K
  class space    used 7135K, committed 7360K, reserved 1048576K
}
Event: 2276.237 GC heap before
{Heap before GC invocations=221 (full 206):
 garbage-first heap   total 68608K, used 27298K [0x00000000c0000000, 0x0000000100000000)
  region size 1024K, 1 young (1024K), 0 survivors (0K)
 Metaspace       used 55935K, committed 56448K, reserved 1114112K
  class space    used 7135K, committed 7360K, reserved 1048576K
}
Event: 2276.278 GC heap after
{Heap after GC invocations=222 (full 207):
 garbage-first heap   total 68608K, used 27298K [0x00000000c0000000, 0x0000000100000000)
  region size 1024K, 0 young (0K), 0 survivors (0K)
 Metaspace       used 55935K, committed 56448K, reserved 1114112K
  class space    used 7135K, committed 7360K, reserved 1048576K
}
Event: 2286.462 GC heap before
{Heap before GC invocations=222 (full 207):
 garbage-first heap   total 68608K, used 27298K [0x00000000c0000000, 0x0000000100000000)
  region size 1024K, 1 young (1024K), 0 survivors (0K)
 Metaspace       used 55935K, committed 56448K, reserved 1114112K
  class space    used 7135K, committed 7360K, reserved 1048576K
}
Event: 2286.512 GC heap after
{Heap after GC invocations=223 (full 208):
 garbage-first heap   total 68608K, used 27298K [0x00000000c0000000, 0x0000000100000000)
  region size 1024K, 0 young (0K), 0 survivors (0K)
 Metaspace       used 55935K, committed 56448K, reserved 1114112K
  class space    used 7135K, committed 7360K, reserved 1048576K
}

