# JRE version: OpenJDK Runtime Environment Temurin-17.0.8.1+1 (17.0.8.1+1) (build 17.0.8.1+1)
# Java VM: OpenJDK 64-Bit Server VM Temurin-17.0.8.1+1 (17.0.8.1+1, mixed mode, emulated-client, tiered, compressed oops, compressed class ptrs, g1 gc, windows-amd64)
GC Precious Log:
 CPUs: 8 total, 8 available
 Memory: 7976M
 Large Page Support: Disabled
 NUMA Support: Disabled
 Compressed Oops: Enabled (32-bit)
 Heap Region Size: 1M
 Heap Min Capacity: 8M
 Heap Initial Capacity: 126M
 Heap Max Capacity: 1G
 Pre-touch: Disabled
 Parallel Workers: 8
 Concurrent Workers: 2
 Concurrent Refinement Workers: 8
 Periodic GC: Disabled
Heap:
 garbage-first heap   total 67584K, used 20941K [0x00000000c0000000, 0x0000000100000000)
  region size 1024K, 1 young (1024K), 0 survivors (0K)
 Metaspace       used 38327K, committed 38720K, reserved 1114112K
  class space    used 5068K, committed 5248K, reserved 1048576K
GC Heap History (18 events):
Event: 1.741 GC heap before
{Heap before GC invocations=0 (full 0):
 garbage-first heap   total 129024K, used 22528K [0x00000000c0000000, 0x0000000100000000)
  region size 1024K, 23 young (23552K), 0 survivors (0K)
 Metaspace       used 8926K, committed 9024K, reserved 1114112K
  class space    used 1042K, committed 1088K, reserved 1048576K
}
Event: 1.757 GC heap after
{Heap after GC invocations=1 (full 0):
 garbage-first heap   total 129024K, used 9284K [0x00000000c0000000, 0x0000000100000000)
  region size 1024K, 3 young (3072K), 3 survivors (3072K)
 Metaspace       used 8926K, committed 9024K, reserved 1114112K
  class space    used 1042K, committed 1088K, reserved 1048576K
}
Event: 2.987 GC heap before
{Heap before GC invocations=1 (full 0):
 garbage-first heap   total 129024K, used 32836K [0x00000000c0000000, 0x0000000100000000)
  region size 1024K, 27 young (27648K), 3 survivors (3072K)
 Metaspace       used 15983K, committed 16192K, reserved 1114112K
  class space    used 1983K, committed 2048K, reserved 1048576K
}
Event: 2.998 GC heap after
{Heap after GC invocations=2 (full 0):
 garbage-first heap   total 129024K, used 12856K [0x00000000c0000000, 0x0000000100000000)
  region size 1024K, 4 young (4096K), 4 survivors (4096K)
 Metaspace       used 15983K, committed 16192K, reserved 1114112K
  class space    used 1983K, committed 2048K, reserved 1048576K
}
Event: 3.497 GC heap before
{Heap before GC invocations=2 (full 0):
 garbage-first heap   total 129024K, used 34360K [0x00000000c0000000, 0x0000000100000000)
  region size 1024K, 27 young (27648K), 4 survivors (4096K)
 Metaspace       used 21348K, committed 21504K, reserved 1114112K
  class space    used 2617K, committed 2688K, reserved 1048576K
}
Event: 3.505 GC heap after
{Heap after GC invocations=3 (full 0):
 garbage-first heap   total 129024K, used 14348K [0x00000000c0000000, 0x0000000100000000)
  region size 1024K, 5 young (5120K), 5 survivors (5120K)
 Metaspace       used 21348K, committed 21504K, reserved 1114112K
  class space    used 2617K, committed 2688K, reserved 1048576K
}
Event: 3.978 GC heap before
{Heap before GC invocations=4 (full 0):
 garbage-first heap   total 55296K, used 37900K [0x00000000c0000000, 0x0000000100000000)
  region size 1024K, 30 young (30720K), 5 survivors (5120K)
 Metaspace       used 26877K, committed 27136K, reserved 1114112K
  class space    used 3354K, committed 3520K, reserved 1048576K
}
Event: 3.991 GC heap after
{Heap after GC invocations=5 (full 0):
 garbage-first heap   total 55296K, used 16030K [0x00000000c0000000, 0x0000000100000000)
  region size 1024K, 4 young (4096K), 4 survivors (4096K)
 Metaspace       used 26877K, committed 27136K, reserved 1114112K
  class space    used 3354K, committed 3520K, reserved 1048576K
}
Event: 4.543 GC heap before
{Heap before GC invocations=5 (full 0):
 garbage-first heap   total 55296K, used 35486K [0x00000000c0000000, 0x0000000100000000)
  region size 1024K, 23 young (23552K), 4 survivors (4096K)
 Metaspace       used 29168K, committed 29504K, reserved 1114112K
  class space    used 3649K, committed 3776K, reserved 1048576K
}
Event: 4.555 GC heap after
{Heap after GC invocations=6 (full 0):
 garbage-first heap   total 55296K, used 17902K [0x00000000c0000000, 0x0000000100000000)
  region size 1024K, 2 young (2048K), 2 survivors (2048K)
 Metaspace       used 29168K, committed 29504K, reserved 1114112K
  class space    used 3649K, committed 3776K, reserved 1048576K
}
Event: 5.003 GC heap before
{Heap before GC invocations=6 (full 0):
 garbage-first heap   total 55296K, used 35310K [0x00000000c0000000, 0x0000000100000000)
  region size 1024K, 20 young (20480K), 2 survivors (2048K)
 Metaspace       used 31683K, committed 32064K, reserved 1114112K
  class space    used 4019K, committed 4160K, reserved 1048576K
}
Event: 5.019 GC heap after
{Heap after GC invocations=7 (full 0):
 garbage-first heap   total 55296K, used 21247K [0x00000000c0000000, 0x0000000100000000)
  region size 1024K, 3 young (3072K), 3 survivors (3072K)
 Metaspace       used 31683K, committed 32064K, reserved 1114112K
  class space    used 4019K, committed 4160K, reserved 1048576K
}
Event: 5.707 GC heap before
{Heap before GC invocations=7 (full 0):
 garbage-first heap   total 55296K, used 37631K [0x00000000c0000000, 0x0000000100000000)
  region size 1024K, 19 young (19456K), 3 survivors (3072K)
 Metaspace       used 34835K, committed 35136K, reserved 1114112K
  class space    used 4481K, committed 4608K, reserved 1048576K
}
Event: 5.720 GC heap after
{Heap after GC invocations=8 (full 0):
 garbage-first heap   total 55296K, used 21738K [0x00000000c0000000, 0x0000000100000000)
  region size 1024K, 2 young (2048K), 2 survivors (2048K)
 Metaspace       used 34835K, committed 35136K, reserved 1114112K
  class space    used 4481K, committed 4608K, reserved 1048576K
}
Event: 6.052 GC heap before
{Heap before GC invocations=8 (full 0):
 garbage-first heap   total 55296K, used 26858K [0x00000000c0000000, 0x0000000100000000)
  region size 1024K, 8 young (8192K), 2 survivors (2048K)
 Metaspace       used 35918K, committed 36288K, reserved 1114112K
  class space    used 4650K, committed 4800K, reserved 1048576K
}
Event: 6.056 GC heap after
{Heap after GC invocations=9 (full 0):
 garbage-first heap   total 67584K, used 22236K [0x00000000c0000000, 0x0000000100000000)
  region size 1024K, 2 young (2048K), 2 survivors (2048K)
 Metaspace       used 35918K, committed 36288K, reserved 1114112K
  class space    used 4650K, committed 4800K, reserved 1048576K
}
Event: 46.117 GC heap before
{Heap before GC invocations=10 (full 0):
 garbage-first heap   total 67584K, used 37596K [0x00000000c0000000, 0x0000000100000000)
  region size 1024K, 18 young (18432K), 2 survivors (2048K)
 Metaspace       used 38327K, committed 38720K, reserved 1114112K
  class space    used 5068K, committed 5248K, reserved 1048576K
}
Event: 46.140 GC heap after
{Heap after GC invocations=11 (full 1):
 garbage-first heap   total 67584K, used 20941K [0x00000000c0000000, 0x0000000100000000)
  region size 1024K, 0 young (0K), 0 survivors (0K)
 Metaspace       used 38327K, committed 38720K, reserved 1114112K
  class space    used 5068K, committed 5248K, reserved 1048576K
}

